C51 COMPILER V9.53.0.0   DELAY                                                             06/10/2020 21:47:37 PAGE 1   


C51 COMPILER V9.53.0.0, COMPILATION OF MODULE DELAY
OBJECT MODULE PLACED IN .\Delay.obj
COMPILER INVOKED BY: d:\Keil_v5\C51\BIN\C51.EXE ..\COMMON\Delay.c OPTIMIZE(8,SPEED) BROWSE INCDIR(..\BSP;..\COMMON) DEBU
                    -G OBJECTEXTEND PRINT(.\Delay.lst) TABS(2) OBJECT(.\Delay.obj)

line level    source

   1          /*--------------------------------------------------------------------------------------------------------
             --*/
   2          /*                                                                                                        
             - */
   3          /* Copyright(c) 2016 Nuvoton Technology Corp. All rights reserved.                                        
             - */
   4          /*                                                                                                        
             - */
   5          /*--------------------------------------------------------------------------------------------------------
             --*/
   6          
   7          //********************************************************************************************************
             -***
   8          //  Nuvoton Technoledge Corp. 
   9          //  Website: http://www.nuvoton.com
  10          //  E-Mail : MicroC-8bit@nuvoton.com
  11          //  Date   : Apr/21/2016
  12          //********************************************************************************************************
             -***
  13          
  14          #include "N76E003.h"
  15          #include "Common.h"
  16          #include "Delay.h"
  17          #include "SFR_Macro.h"
  18          #include "Function_define.h"
  19          bit BIT_TMP;
  20          
  21          //-------------------------------------------------------------------------
  22          #if 0
              void Timer0_Delay100us(UINT32 u32CNT)
              {
                  clr_T0M;                                    //T0M=0, Timer0 Clock = Fsys/12
                  TMOD |= 0x01;                               //Timer0 is 16-bit mode
                  set_TR0;                                    //Start Timer0
                  while (u32CNT != 0)
                  {
                      TL0 = LOBYTE(TIMER_DIV12_VALUE_100us);  //Find  define in "Function_define.h" "TIMER VALUE"
                      TH0 = HIBYTE(TIMER_DIV12_VALUE_100us);
                      while (TF0 != 1);                       //Check Timer0 Time-Out Flag
                      clr_TF0;
                      u32CNT --;
                  }
                  clr_TR0;                                    //Stop Timer0
              }
              #endif
  39          //------------------------------------------------------------------------------
  40          void Timer0_Delay1ms(UINT32 u32CNT)
  41          {
  42   1          clr_T0M;                                    //T0M=0, Timer0 Clock = Fsys/12
  43   1          TMOD |= 0x01;                               //Timer0 is 16-bit mode
  44   1          set_TR0;                                    //Start Timer0
  45   1          while (u32CNT != 0)
  46   1          {
  47   2              TL0 = LOBYTE(TIMER_DIV12_VALUE_1ms);    //Find  define in "Function_define.h" "TIMER VALUE"
C51 COMPILER V9.53.0.0   DELAY                                                             06/10/2020 21:47:37 PAGE 2   

  48   2              TH0 = HIBYTE(TIMER_DIV12_VALUE_1ms);
  49   2              while (TF0 != 1);                       //Check Timer0 Time-Out Flag
  50   2              clr_TF0;
  51   2              u32CNT --;
  52   2          }
  53   1          clr_TR0;                                    //Stop Timer0
  54   1      }
  55          
  56          //------------------------------------------------------------------------------
  57          
  58          void Timer1_Delay10ms(UINT32 u32CNT)
  59          {
  60   1          clr_T1M;                                    //T1M=0, Timer1 Clock = Fsys/12
  61   1          TMOD |= 0x10;                               //Timer1 is 16-bit mode
  62   1          set_TR1;                                    //Start Timer1
  63   1          while (u32CNT != 0)
  64   1          {
  65   2              TL1 = LOBYTE(TIMER_DIV12_VALUE_10ms);   //Find  define in "Function_define.h" "TIMER VALUE"
  66   2              TH1 = HIBYTE(TIMER_DIV12_VALUE_10ms);
  67   2              while (TF1 != 1);                       //Check Timer1 Time-Out Flag
  68   2              clr_TF1;
  69   2              u32CNT --;
  70   2          }
  71   1          clr_TR1;                                    //Stop Timer1
  72   1      }
  73          #if 0
              //------------------------------------------------------------------------------
              void Timer2_Delay500us(UINT32 u32CNT)
              {
                  clr_T2DIV2;                                 //Timer2 Clock = Fsys/4 
                  clr_T2DIV1;
                  set_T2DIV0;
                  set_TR2;                                    //Start Timer2
                  while (u32CNT != 0)
                  {
                      TL2 = LOBYTE(TIMER_DIV4_VALUE_500us);   //Find  define in "Function_define.h" "TIMER VALUE"
                      TH2 = HIBYTE(TIMER_DIV4_VALUE_500us);
                      while (TF2 != 1);                       //Check Timer2 Time-Out Flag
                      clr_TF2;
                      u32CNT --;
                  }
                  clr_TR2;                                    //Stop Timer2
              }
              //------------------------------------------------------------------------------
              void Timer3_Delay100ms(UINT32 u32CNT)
              {
                  T3CON = 0x07;                               //Timer3 Clock = Fsys/128
                  set_TR3;                                    //Trigger Timer3
                  while (u32CNT != 0)
                  {
                      RL3 = LOBYTE(TIMER_DIV128_VALUE_100ms); //Find  define in "Function_define.h" "TIMER VALUE"
                      RH3 = HIBYTE(TIMER_DIV128_VALUE_100ms);
                      while ((T3CON&SET_BIT4) != SET_BIT4);   //Check Timer3 Time-Out Flag
                      clr_TF3;
                      u32CNT --;
                  }
                  clr_TR3;                                    //Stop Timer3
              }
              //------------------------------------------------------------------------------
              void Timer3_Delay10us(UINT32 u32CNT)
              {
                  T3CON = 0x07;                               //Timer3 Clock = Fsys/128
C51 COMPILER V9.53.0.0   DELAY                                                             06/10/2020 21:47:37 PAGE 3   

                  set_TR3;                                    //Trigger Timer3
                  while (u32CNT != 0)
                  {
                      RL3 = LOBYTE(TIMER_DIV4_VALUE_10us); //Find  define in "Function_define.h" "TIMER VALUE"
                      RH3 = HIBYTE(TIMER_DIV4_VALUE_10us);
                      while ((T3CON&SET_BIT4) != SET_BIT4);   //Check Timer3 Time-Out Flag
                      clr_TF3;
                      u32CNT --;
                  }
                  clr_TR3;                                    //Stop Timer3
              }
              #endif


MODULE INFORMATION:   STATIC OVERLAYABLE
   CODE SIZE        =    150    ----
   CONSTANT SIZE    =   ----    ----
   XDATA SIZE       =   ----    ----
   PDATA SIZE       =   ----    ----
   DATA SIZE        =   ----       8
   IDATA SIZE       =   ----    ----
   BIT SIZE         =      1    ----
END OF MODULE INFORMATION.


C51 COMPILATION COMPLETE.  0 WARNING(S),  0 ERROR(S)
