C51 COMPILER V9.53.0.0   LED                                                               06/10/2020 21:47:37 PAGE 1   


C51 COMPILER V9.53.0.0, COMPILATION OF MODULE LED
OBJECT MODULE PLACED IN .\LED.obj
COMPILER INVOKED BY: d:\Keil_v5\C51\BIN\C51.EXE ..\BSP\LED.c OPTIMIZE(8,SPEED) BROWSE INCDIR(..\BSP;..\COMMON) DEBUG OBJ
                    -ECTEXTEND PRINT(.\LED.lst) TABS(2) OBJECT(.\LED.obj)

line level    source

   1          #include "header.h"
   2          
   3          UINT8 count_time;
   4          UINT8 count_time1;
   5          static uint16_t xdata charging_time=0;
   6          
   7          void led_charging(uint8_t led_bit);
   8          /*****************************************************
   9          *函数功能：初始化LED
  10          *输入参数：NULL
  11          *返 回 值：NULL
  12          *****************************************************/
  13          void LED_init(void)
  14          {
  15   1        P12_PushPull_Mode;
  16   1        
  17   1        P10_PushPull_Mode;
  18   1        //P01_PushPull_Mode;
  19   1        P03_PushPull_Mode;
  20   1        P04_PushPull_Mode;
  21   1      
  22   1        P10 = 1;
  23   1        //P01 = 1;
  24   1        P03 = 1;
  25   1        P04 = 1;
  26   1      }
  27          /*****************************************************
  28          *函数功能：LED灯闪烁
  29          *输入参数：NULL
  30          *返 回 值：NULL
  31          *****************************************************/
  32          void led_glint(void)
  33          {
  34   1          count_time++;
  35   1          if (count_time == 5)
  36   1          {
  37   2            P12 = 0;
  38   2            
  39   2            // P10 = 0;
  40   2            // P01 = 0;
  41   2            // P04 = 0;
  42   2            // P03 = 0;
  43   2          }
  44   1          if (count_time == 10)
  45   1          {
  46   2            P12 = 1;
  47   2            
  48   2            // P10 = 1;
  49   2            // P01 = 1;
  50   2            // P03 = 1;
  51   2            // P04 = 1;
  52   2            count_time = 0;
  53   2            //count_time1++;
  54   2            //set_PD;// 进入掉电模式
C51 COMPILER V9.53.0.0   LED                                                               06/10/2020 21:47:37 PAGE 2   

  55   2          } 
  56   1          if (count_time1 == 10)
  57   1          {
  58   2            set_PD;// 进入掉电模式
  59   2           // count_time1 =0;
  60   2          }
  61   1          
  62   1      }
  63          
  64          //充电模式下LED闪烁
  65          void charging_mode(void)
  66          {
  67   1        charging_time++;
  68   1        if (charging_time == 10)
  69   1        {
  70   2          led_charging(1);
  71   2        }
  72   1        else if (charging_time == 20)
  73   1        {
  74   2          led_charging(2);
  75   2        }
  76   1        else if (charging_time == 30)
  77   1        {
  78   2          led_charging(3);
  79   2        }  
  80   1        else if (charging_time == 40)
  81   1        {
  82   2          led_charging(4);
  83   2        } 
  84   1        else if (charging_time == 50)
  85   1        {
  86   2          led_charging(0);
  87   2          charging_time = 0;
  88   2        } 
  89   1      }
  90          
  91          //充电时LED闪烁
  92          void led_charging(uint8_t led_bit)
  93          {
  94   1        if (led_bit == 0)
  95   1        {
  96   2          P04 = 1;
  97   2          P03 = 1;
  98   2         // P01 = 1;
  99   2          P10 = 1;    
 100   2        }
 101   1        else if (led_bit ==1)
 102   1        {
 103   2          P04 = 1;
 104   2          P03 = 1;
 105   2         // P01 = 1;
 106   2          P10 = 0;  
 107   2        }
 108   1        else if (led_bit ==2)
 109   1        {
 110   2          P04 = 1;
 111   2          P03 = 1;
 112   2          //P01 = 0;
 113   2          P10 = 0;  
 114   2        } 
 115   1        else if (led_bit ==3)
 116   1        {
C51 COMPILER V9.53.0.0   LED                                                               06/10/2020 21:47:37 PAGE 3   

 117   2          P04 = 1;
 118   2          P03 = 0;
 119   2         //P01 = 0;
 120   2          P10 = 0;  
 121   2        }   
 122   1          else if (led_bit ==4)
 123   1        {
 124   2          P04 = 0;
 125   2          P03 = 0;
 126   2          //P01 = 0;
 127   2          P10 = 0;  
 128   2        } 
 129   1      }
 130          
 131          //处理模式LED闪烁
 132          void led_dispose(uint8_t led_bit)
 133          {
 134   1        if (led_bit == 0)
 135   1        {
 136   2          P04 = 1;
 137   2          P03 = 1;
 138   2         // P01 = 1;
 139   2          P10 = 1;    
 140   2        }
 141   1        else if (led_bit ==1)
 142   1        {
 143   2          P04 = 1;
 144   2          P03 = 1;
 145   2         // P01 = 1;
 146   2          P10 = 0;  
 147   2        }
 148   1        else if (led_bit ==2)
 149   1        {
 150   2          P04 = 1;
 151   2          P03 = 1;
 152   2          //P01 = 0;
 153   2          P10 = 1;  
 154   2        } 
 155   1        else if (led_bit ==3)
 156   1        {
 157   2          P04 = 1;
 158   2          P03 = 0;
 159   2          //P01 = 1;
 160   2          P10 = 1;  
 161   2        }   
 162   1          else if (led_bit ==4)
 163   1        {
 164   2          P04 = 0;
 165   2          P03 = 1;
 166   2         // P01 = 1;
 167   2          P10 = 1;  
 168   2        } 
 169   1      }


MODULE INFORMATION:   STATIC OVERLAYABLE
   CODE SIZE        =    246    ----
   CONSTANT SIZE    =   ----    ----
   XDATA SIZE       =      2    ----
   PDATA SIZE       =   ----    ----
   DATA SIZE        =      2    ----
   IDATA SIZE       =   ----    ----
C51 COMPILER V9.53.0.0   LED                                                               06/10/2020 21:47:37 PAGE 4   

   BIT SIZE         =   ----    ----
END OF MODULE INFORMATION.


C51 COMPILATION COMPLETE.  0 WARNING(S),  0 ERROR(S)
