C51 COMPILER V9.53.0.0   MAIN                                                              06/10/2020 22:45:17 PAGE 1   


C51 COMPILER V9.53.0.0, COMPILATION OF MODULE MAIN
OBJECT MODULE PLACED IN .\main.obj
COMPILER INVOKED BY: d:\Keil_v5\C51\BIN\C51.EXE ..\APP\main.c OPTIMIZE(8,SPEED) BROWSE INCDIR(..\BSP;..\COMMON) DEBUG OB
                    -JECTEXTEND PRINT(.\main.lst) TABS(2) OBJECT(.\main.obj)

line level    source

   1          #include "header.h"
   2          
   3          #define TH0_INIT        50000 
   4          #define TL0_INIT        50000
   5          #define TH1_INIT        50000 
   6          #define TL1_INIT        50000
   7          
   8          UINT8 u8TH0_Tmp,u8TL0_Tmp,u8TH1_Tmp,u8TL1_Tmp;
   9          /*********************************************************************************************************
             -***
  10          *    TIMER 0 interrupt subroutine
  11          **********************************************************************************************************
             -**/
  12          void Timer0_ISR (void) interrupt 1  //interrupt address is 0x000B
  13          {
  14   1          TH0 = u8TH0_Tmp;
  15   1          TL0 = u8TL0_Tmp;    
  16   1          
  17   1          P12 = ~P12;                     // GPIO1 toggle when interrupt
  18   1      }
  19          
  20          /*********************************************************************************************************
             -***
  21          *    TIMER 1 interrupt subroutine
  22          **********************************************************************************************************
             -**/
  23          void Timer1_ISR (void) interrupt 3  //interrupt address is 0x001B
  24          {
  25   1          TH1 = u8TH1_Tmp;
  26   1          TL1 = u8TL1_Tmp;   
  27   1      
  28   1          P03 = ~P03;                     //P0.3 toggle when interrupt
  29   1      }
  30          void Timer_init(void) 
  31          {
  32   1          Set_All_GPIO_Quasi_Mode;
  33   1              TIMER0_MODE1_ENABLE;
  34   1              TIMER1_MODE1_ENABLE;
  35   1      
  36   1          clr_T1M;
  37   1          //set_T1M;
  38   1      
  39   1          u8TH0_Tmp = (61536-TH0_INIT)/256;
  40   1          u8TL0_Tmp = (61536-TL0_INIT)%256;    
  41   1          u8TH1_Tmp = (65536-TH1_INIT)/256;
  42   1          u8TL1_Tmp = (65536-TL1_INIT)%256;
  43   1          
  44   1          TH0 = u8TH0_Tmp;
  45   1          TL0 = u8TL0_Tmp;
  46   1          TH1 = u8TH1_Tmp;
  47   1          TL1 = u8TL1_Tmp;
  48   1          
  49   1          set_ET0;                                    //enable Timer0 interrupt
  50   1          set_ET1;                                    //enable Timer1 interrupt
C51 COMPILER V9.53.0.0   MAIN                                                              06/10/2020 22:45:17 PAGE 2   

  51   1          set_EA;                                     //enable interrupts
  52   1          set_TR0;                                    //Timer0 run
  53   1          set_TR1;                                    //Timer1 run
  54   1      }
  55          
  56          void main(void)
  57          {
  58   1        uint8_t i = 0;
  59   1      
  60   1        InitialUART0_Timer3(9600);
  61   1        Timer_init();
  62   1        //LED_init();
  63   1        //key_init();
  64   1        exti0_init();
  65   1        //pwm_init();
  66   1        //exti1_init();
  67   1        printf("xti\n");
  68   1        while (1)
  69   1        {
  70   2          //Timer0_Delay1ms(10);
  71   2          //led_glint();
  72   2        //key_dispose();
  73   2          //charging_mode();
  74   2          //proces_mode();
  75   2        }
  76   1      }


MODULE INFORMATION:   STATIC OVERLAYABLE
   CODE SIZE        =    110    ----
   CONSTANT SIZE    =      5    ----
   XDATA SIZE       =   ----    ----
   PDATA SIZE       =   ----    ----
   DATA SIZE        =      4       1
   IDATA SIZE       =   ----    ----
   BIT SIZE         =   ----    ----
END OF MODULE INFORMATION.


C51 COMPILATION COMPLETE.  0 WARNING(S),  0 ERROR(S)
