C51 COMPILER V9.53.0.0   UART                                                              06/10/2020 21:47:37 PAGE 1   


C51 COMPILER V9.53.0.0, COMPILATION OF MODULE UART
OBJECT MODULE PLACED IN .\uart.obj
COMPILER INVOKED BY: d:\Keil_v5\C51\BIN\C51.EXE ..\BSP\uart.c OPTIMIZE(8,SPEED) BROWSE INCDIR(..\BSP;..\COMMON) DEBUG OB
                    -JECTEXTEND PRINT(.\uart.lst) TABS(2) OBJECT(.\uart.obj)

line level    source

   1          #include "header.h"
   2          /*--------------------------------------------------------------------------------------------------------
             --*/
   3          /*                                                                                                        
             - */
   4          /* Copyright(c) 2017 Nuvoton Technology Corp. All rights reserved.                                        
             - */
   5          /*                                                                                                        
             - */
   6          /*--------------------------------------------------------------------------------------------------------
             --*/
   7          
   8          //********************************************************************************************************
             -***
   9          //  Website: http://www.nuvoton.com
  10          //  E-Mail : MicroC-8bit@nuvoton.com
  11          //  Date   : Jan/21/2017
  12          //********************************************************************************************************
             -***
  13          #include "N76E003.h"
  14          #include "Common.h"
  15          #include "Delay.h"
  16          #include "SFR_Macro.h"
  17          #include "Function_define.h"
  18          
  19          
  20          //----------------------------------------------------------------------------------
  21          // UART0 baud rate initial setting 
  22          //----------------------------------------------------------------------------------
  23          void InitialUART0_Timer1(UINT32 u32Baudrate)    //T1M = 1, SMOD = 1
  24          {
  25   1          P06_Quasi_Mode;   //Setting UART pin as Quasi mode for transmit
  26   1          P07_Quasi_Mode;   //Setting UART pin as Quasi mode for transmit
  27   1        
  28   1          SCON = 0x50;      //UART0 Mode1,REN=1,TI=1
  29   1          TMOD |= 0x20;     //Timer1 Mode1
  30   1          
  31   1          set_SMOD;         //UART0 Double Rate Enable
  32   1          set_T1M;
  33   1          clr_BRCK;         //Serial port 0 baud rate clock source = Timer1
  34   1       
  35   1      #ifdef FOSC_160000
  36   1          TH1 = 256 - (1000000/u32Baudrate+1);               /*16 MHz */
  37   1      #endif      
  38   1      #ifdef FOSC_166000
                  TH1 = 256 - (1037500/u32Baudrate);                 /*16.6 MHz */
              #endif
  41   1          set_TR1;
  42   1          set_TI;           //For printf function must setting TI = 1
  43   1      }
  44          //---------------------------------------------------------------
  45          void InitialUART0_Timer3(UINT32 u32Baudrate) //use timer3 as Baudrate generator
  46          {
  47   1          P06_Quasi_Mode;   //Setting UART pin as Quasi mode for transmit
C51 COMPILER V9.53.0.0   UART                                                              06/10/2020 21:47:37 PAGE 2   

  48   1          P07_Quasi_Mode;   //Setting UART pin as Quasi mode for transmit 
  49   1        
  50   1          SCON = 0x50;     //UART0 Mode1,REN=1,TI=1
  51   1          set_SMOD;        //UART0 Double Rate Enable
  52   1          T3CON &= 0xF8;   //T3PS2=0,T3PS1=0,T3PS0=0(Prescale=1)
  53   1          set_BRCK;        //UART0 baud rate clock source = Timer3
  54   1      
  55   1      #ifdef FOSC_160000
  56   1          RH3    = HIBYTE(65536 - (1000000/u32Baudrate)-1);     /*16 MHz */
  57   1          RL3    = LOBYTE(65536 - (1000000/u32Baudrate)-1);     /*16 MHz */
  58   1      #endif
  59   1      #ifdef FOSC_166000
                  RH3    = HIBYTE(65536 - (1037500/u32Baudrate));       /*16.6 MHz */
                  RL3    = LOBYTE(65536 - (1037500/u32Baudrate));       /*16.6 MHz */
              #endif
  63   1          set_TR3;         //Trigger Timer3
  64   1          set_TI;          //For printf function must setting TI = 1
  65   1      }
  66          
  67          UINT8 Receive_Data_From_UART0(void)
  68          {
  69   1          UINT8 c;
  70   1          while (!RI);
  71   1          c = SBUF;
  72   1          RI = 0;
  73   1          return (c);
  74   1      }
  75          
  76          void Send_Data_To_UART0 (UINT8 c)
  77          {
  78   1          TI = 0;
  79   1          SBUF = c;
  80   1          while(TI==0);
  81   1      }
  82          
  83          char putchar (char c)
  84          {
  85   1          if (c == '\n')
  86   1          {
  87   2              while (!TI);
  88   2              TI = 0;
  89   2              SBUF = 0x0d;                         /* output CR  */
  90   2          }
  91   1          while (!TI);
  92   1          TI = 0;
  93   1          return (SBUF = c);
  94   1      }
  95          
  96          


MODULE INFORMATION:   STATIC OVERLAYABLE
   CODE SIZE        =    197    ----
   CONSTANT SIZE    =   ----    ----
   XDATA SIZE       =   ----    ----
   PDATA SIZE       =   ----    ----
   DATA SIZE        =   ----       4
   IDATA SIZE       =   ----    ----
   BIT SIZE         =   ----    ----
END OF MODULE INFORMATION.


C51 COMPILATION COMPLETE.  0 WARNING(S),  0 ERROR(S)
